<?xml version="1.0" encoding="utf-8"?><testsuites name="pytest tests"><testsuite name="pytest" errors="0" failures="0" skipped="0" tests="37" time="8.082" timestamp="2026-04-29T00:39:28.834274+00:00" hostname="agent-env-514d4fe8-96b5-4176-a74d-566d3fdc3043"><testcase classname="backend.tests.test_iteration11" name="test_health_endpoint" time="0.151" /><testcase classname="backend.tests.test_iteration11" name="test_auth_logout_clears_cookie" time="0.146" /><testcase classname="backend.tests.test_iteration11" name="test_auth_request_code_rate_limit" time="0.710" /><testcase classname="backend.tests.test_iteration11" name="test_upload_company_logo" time="0.438" /><testcase classname="backend.tests.test_iteration11" name="test_upload_rejects_non_image" time="0.101" /><testcase classname="backend.tests.test_iteration11" name="test_profile_view_counter_rate_limit" time="0.212" /><testcase classname="backend.tests.test_iteration11" name="test_profile_view_404" time="0.110" /><testcase classname="backend.tests.test_iteration11" name="test_casting_view_counter_rate_limit" time="0.242" /><testcase classname="backend.tests.test_iteration11" name="test_casting_view_404" time="0.136" /><testcase classname="backend.tests.test_iteration11" name="test_profile_create_auto_https_and_slug" time="0.236" /><testcase classname="backend.tests.test_iteration11" name="test_profile_create_missing_full_name_returns_422" time="0.121" /><testcase classname="backend.tests.test_iteration11" name="test_casting_create_relative_poster_stays_relative" time="0.208" /><testcase classname="backend.tests.test_iteration11" name="test_casting_create_bare_domain_poster_gets_https" time="0.208" /><testcase classname="backend.tests.test_iteration11" name="test_hsts_header_absent_in_dev" time="0.100" /><testcase classname="backend.tests.test_iteration12" name="test_server_py_under_200_lines" time="0.000" /><testcase classname="backend.tests.test_iteration12" name="test_health" time="0.103" /><testcase classname="backend.tests.test_iteration12" name="test_public_stats" time="0.117" /><testcase classname="backend.tests.test_iteration12" name="test_public_settings" time="0.107" /><testcase classname="backend.tests.test_iteration12" name="test_public_verified_companies" time="0.101" /><testcase classname="backend.tests.test_iteration12" name="test_stripe_founder_count" time="0.118" /><testcase classname="backend.tests.test_iteration12" name="test_waitlist_post" time="0.127" /><testcase classname="backend.tests.test_iteration12" name="test_og_profile_png" time="0.262" /><testcase classname="backend.tests.test_iteration12" name="test_og_casting_png" time="0.210" /><testcase classname="backend.tests.test_iteration12" name="test_entities_profile_list_public_read" time="0.128" /><testcase classname="backend.tests.test_iteration12" name="test_entities_castingcall_list" time="0.169" /><testcase classname="backend.tests.test_iteration12" name="test_entities_castingcall_create_relative_poster_persists" time="0.535" /><testcase classname="backend.tests.test_iteration12" name="test_entities_user_role_flip" time="0.232" /><testcase classname="backend.tests.test_iteration12" name="test_profile_view_rate_limit" time="0.243" /><testcase classname="backend.tests.test_iteration12" name="test_casting_view_rate_limit" time="0.239" /><testcase classname="backend.tests.test_iteration12" name="test_admin_launch_checklist_unauth" time="0.113" /><testcase classname="backend.tests.test_iteration12" name="test_admin_launch_checklist_auth" time="0.128" /><testcase classname="backend.tests.test_iteration12" name="test_admin_logs_unauth" time="0.115" /><testcase classname="backend.tests.test_iteration12" name="test_admin_logs_auth" time="0.126" /><testcase classname="backend.tests.test_iteration12" name="test_admin_profile_flag" time="0.161" /><testcase classname="backend.tests.test_iteration12" name="test_function_recalculate_spot_score" time="1.232" /><testcase classname="backend.tests.test_iteration12" name="test_function_run_spotted_with_matching" time="0.112" /><testcase classname="backend.tests.test_iteration12" name="test_function_process_founding_deadlines" time="0.127" /></testsuite></testsuites>