<?xml version="1.0" encoding="utf-8"?><testsuites name="pytest tests"><testsuite name="pytest" errors="0" failures="0" skipped="0" tests="13" time="4.315" timestamp="2026-04-26T21:57:24.587269+00:00" hostname="agent-env-514d4fe8-96b5-4176-a74d-566d3fdc3043"><testcase classname="backend.tests.test_iteration4.TestAllRolesMigration" name="test_every_profile_has_all_roles" time="0.271" /><testcase classname="backend.tests.test_iteration4.TestAllRolesMigration" name="test_filter_all_roles_actor_includes_secondary" time="0.103" /><testcase classname="backend.tests.test_iteration4.TestPatchRecomputesAllRoles" name="test_patch_secondary_roles_recomputes" time="0.472" /><testcase classname="backend.tests.test_iteration4.TestSelfApplyExisting" name="test_thunk_call_has_3_applications_one_self_apply" time="0.098" /><testcase classname="backend.tests.test_iteration4.TestSelfApplySideEffects" name="test_self_apply_increments_count_and_adds_credit_and_skips_notification" time="2.623" /><testcase classname="backend.tests.test_iteration4.TestMigrateEndpoint" name="test_admin_migrate_all_roles_ok" time="0.059" /><testcase classname="backend.tests.test_iteration4.TestMigrateEndpoint" name="test_non_admin_403" time="0.227" /><testcase classname="backend.tests.test_iteration4.TestMigrateEndpoint" name="test_unauth_401" time="0.043" /><testcase classname="backend.tests.test_iteration4.TestHttpsMiddleware" name="test_middleware_code_only_in_production" time="0.000" /><testcase classname="backend.tests.test_iteration4.TestHttpsMiddleware" name="test_dev_does_not_redirect" time="0.044" /><testcase classname="backend.tests.test_iteration4.TestPostmarkRegression" name="test_no_signature_403" time="0.047" /><testcase classname="backend.tests.test_iteration4.TestPostmarkRegression" name="test_valid_signature_200" time="0.043" /><testcase classname="backend.tests.test_iteration4.TestUploadsRegression" name="test_upload_and_serve" time="0.193" /></testsuite></testsuites>