<?xml version="1.0" encoding="utf-8"?><testsuites name="pytest tests"><testsuite name="pytest" errors="0" failures="0" skipped="0" tests="4" time="0.717" timestamp="2026-04-26T23:16:49.383694+00:00" hostname="agent-env-514d4fe8-96b5-4176-a74d-566d3fdc3043"><testcase classname="backend.tests.test_iteration8.TestPublicStats" name="test_public_stats_no_auth" time="0.216" /><testcase classname="backend.tests.test_iteration8.TestPublicStats" name="test_public_stats_no_negative" time="0.142" /><testcase classname="backend.tests.test_iteration8.TestPublicStats" name="test_public_stats_no_auth_header_works" time="0.141" /><testcase classname="backend.tests.test_iteration8.TestPublicSettings" name="test_public_settings_shape" time="0.153" /></testsuite></testsuites>