<?xml version="1.0" encoding="utf-8"?><testsuites name="pytest tests"><testsuite name="pytest" errors="0" failures="0" skipped="0" tests="14" time="3.215" timestamp="2026-04-28T22:19:51.138651+00:00" hostname="agent-env-514d4fe8-96b5-4176-a74d-566d3fdc3043"><testcase classname="backend.tests.test_iteration11" name="test_health_endpoint" time="0.159" /><testcase classname="backend.tests.test_iteration11" name="test_auth_logout_clears_cookie" time="0.126" /><testcase classname="backend.tests.test_iteration11" name="test_auth_request_code_rate_limit" time="0.651" /><testcase classname="backend.tests.test_iteration11" name="test_upload_company_logo" time="0.452" /><testcase classname="backend.tests.test_iteration11" name="test_upload_rejects_non_image" time="0.124" /><testcase classname="backend.tests.test_iteration11" name="test_profile_view_counter_rate_limit" time="0.217" /><testcase classname="backend.tests.test_iteration11" name="test_profile_view_404" time="0.115" /><testcase classname="backend.tests.test_iteration11" name="test_casting_view_counter_rate_limit" time="0.210" /><testcase classname="backend.tests.test_iteration11" name="test_casting_view_404" time="0.106" /><testcase classname="backend.tests.test_iteration11" name="test_profile_create_auto_https_and_slug" time="0.254" /><testcase classname="backend.tests.test_iteration11" name="test_profile_create_missing_full_name_returns_422" time="0.116" /><testcase classname="backend.tests.test_iteration11" name="test_casting_create_relative_poster_stays_relative" time="0.222" /><testcase classname="backend.tests.test_iteration11" name="test_casting_create_bare_domain_poster_gets_https" time="0.220" /><testcase classname="backend.tests.test_iteration11" name="test_hsts_header_absent_in_dev" time="0.105" /></testsuite></testsuites>