<?xml version="1.0" encoding="utf-8"?><testsuites name="pytest tests"><testsuite name="pytest" errors="0" failures="0" skipped="0" tests="10" time="1.517" timestamp="2026-04-26T13:12:21.641830+00:00" hostname="agent-env-514d4fe8-96b5-4176-a74d-566d3fdc3043"><testcase classname="backend.tests.test_iteration2.TestImportedData" name="test_profiles_count_at_least_58" time="0.260" /><testcase classname="backend.tests.test_iteration2.TestImportedData" name="test_pro_subscriptions_57_with_cineconnect_ref" time="0.148" /><testcase classname="backend.tests.test_iteration2.TestImportedData" name="test_imported_profiles_have_score_and_slug" time="0.051" /><testcase classname="backend.tests.test_iteration2.TestImportedData" name="test_tara_ponsford_profile_exists" time="0.044" /><testcase classname="backend.tests.test_iteration2.TestBulkImport" name="test_non_admin_gets_403" time="0.150" /><testcase classname="backend.tests.test_iteration2.TestBulkImport" name="test_unauthenticated_gets_401" time="0.161" /><testcase classname="backend.tests.test_iteration2.TestBulkImport" name="test_admin_imports_then_idempotent" time="0.254" /><testcase classname="backend.tests.test_iteration2.TestPostmarkWebhook" name="test_postmark_accepts_arbitrary_json" time="0.053" /><testcase classname="backend.tests.test_iteration2.TestPostmarkWebhook" name="test_postmark_accepts_empty_body" time="0.177" /><testcase classname="backend.tests.test_iteration2.TestStripeRenewalWebhook" name="test_stripe_webhook_no_crash_on_invalid_body" time="0.071" /></testsuite></testsuites>