<?xml version="1.0" encoding="utf-8"?><testsuites name="pytest tests"><testsuite name="pytest" errors="0" failures="0" skipped="0" tests="20" time="3.135" timestamp="2026-04-26T23:48:41.121870+00:00" hostname="agent-env-514d4fe8-96b5-4176-a74d-566d3fdc3043"><testcase classname="backend.tests.test_iteration9.TestPublicStats" name="test_returns_founder_cap_and_remaining" time="0.208" /><testcase classname="backend.tests.test_iteration9.TestPublicStats" name="test_cached_under_50ms" time="0.114" /><testcase classname="backend.tests.test_iteration9.TestVerifiedCompanies" name="test_anonymous_returns_3plus" time="0.048" /><testcase classname="backend.tests.test_iteration9.TestOgImages" name="test_og_casting_returns_png" time="0.602" /><testcase classname="backend.tests.test_iteration9.TestOgImages" name="test_og_profile_returns_png" time="0.156" /><testcase classname="backend.tests.test_iteration9.TestOgImages" name="test_og_casting_404" time="0.051" /><testcase classname="backend.tests.test_iteration9.TestOgImages" name="test_og_profile_404" time="0.044" /><testcase classname="backend.tests.test_iteration9.TestWaitlist" name="test_waitlist_signup_and_dedupe" time="0.101" /><testcase classname="backend.tests.test_iteration9.TestWaitlist" name="test_admin_waitlist_list" time="0.159" /><testcase classname="backend.tests.test_iteration9.TestPlatformSettings" name="test_get_settings" time="0.051" /><testcase classname="backend.tests.test_iteration9.TestPlatformSettings" name="test_unauthorized_put" time="0.135" /><testcase classname="backend.tests.test_iteration9.TestPlatformSettings" name="test_validation_zero" time="0.045" /><testcase classname="backend.tests.test_iteration9.TestPlatformSettings" name="test_validation_negative" time="0.045" /><testcase classname="backend.tests.test_iteration9.TestPlatformSettings" name="test_update_invalidates_cache" time="0.791" /><testcase classname="backend.tests.test_iteration9.TestLaunchChecklist" name="test_checklist_items" time="0.047" /><testcase classname="backend.tests.test_iteration9.TestFounderClaim" name="test_claim_when_cap_full" time="0.247" /><testcase classname="backend.tests.test_iteration9.TestFounderClaim" name="test_founder_count_uses_cap" time="0.049" /><testcase classname="backend.tests.test_iteration9.TestRegression" name="test_health" time="0.045" /><testcase classname="backend.tests.test_iteration9.TestRegression" name="test_request_code" time="0.045" /><testcase classname="backend.tests.test_iteration9.TestRegression" name="test_public_stats_no_id_leak" time="0.052" /></testsuite></testsuites>