<?xml version="1.0" encoding="utf-8"?><testsuites name="pytest tests"><testsuite name="pytest" errors="0" failures="1" skipped="0" tests="11" time="2.390" timestamp="2026-04-26T21:27:14.810696+00:00" hostname="agent-env-514d4fe8-96b5-4176-a74d-566d3fdc3043"><testcase classname="backend.tests.test_iteration3.TestUploads" name="test_upload_profile_photo_png_success" time="0.657"><failure message="AssertionError: assert b'&lt;!doctype h...y&gt;\n&lt;/html&gt;\n' == b'\x89PNG\r\n...END\xaeB`\x82'&#10;  &#10;  At index 0 diff: b'&lt;' != b'\x89'&#10;  &#10;  Full diff:&#10;  - (b'\x89PNG\r\n\x1a\n\x00\x00\x00\rIHDR\x00\x00\x00\x04\x00\x00\x00\x04'&#10;  -  b'\x08\x02\x00\x00\x00&amp;\x93\t)\x00\x00\x00\x10IDATx\x9cc\xf8\xcf\xc0\x00'&#10;  -  b'G\x0c\xc4q\x00\xae\x93\x0f\xf1\xd0_#\x9e\x00\x00\x00\x00IEND\xaeB`\x82')...&#10;  &#10;  ...Full output truncated (14 lines hidden), use '-vv' to show">backend/tests/test_iteration3.py:96: in test_upload_profile_photo_png_success
    assert g.content == png
E   AssertionError: assert b'&lt;!doctype h...y&gt;\n&lt;/html&gt;\n' == b'\x89PNG\r\n...END\xaeB`\x82'
E     
E     At index 0 diff: b'&lt;' != b'\x89'
E     
E     Full diff:
E     - (b'\x89PNG\r\n\x1a\n\x00\x00\x00\rIHDR\x00\x00\x00\x04\x00\x00\x00\x04'
E     -  b'\x08\x02\x00\x00\x00&amp;\x93\t)\x00\x00\x00\x10IDATx\x9cc\xf8\xcf\xc0\x00'
E     -  b'G\x0c\xc4q\x00\xae\x93\x0f\xf1\xd0_#\x9e\x00\x00\x00\x00IEND\xaeB`\x82')...
E     
E     ...Full output truncated (14 lines hidden), use '-vv' to show</failure></testcase><testcase classname="backend.tests.test_iteration3.TestUploads" name="test_upload_rejects_non_image" time="0.052" /><testcase classname="backend.tests.test_iteration3.TestUploads" name="test_upload_rejects_oversize" time="0.287" /><testcase classname="backend.tests.test_iteration3.TestUploads" name="test_upload_unauth_returns_401" time="0.052" /><testcase classname="backend.tests.test_iteration3.TestUploads" name="test_other_upload_endpoints[/api/upload/headshot-/static/uploads/headshots/]" time="0.234" /><testcase classname="backend.tests.test_iteration3.TestUploads" name="test_other_upload_endpoints[/api/upload/company-logo-/static/uploads/company-logos/]" time="0.172" /><testcase classname="backend.tests.test_iteration3.TestUploads" name="test_other_upload_endpoints[/api/upload/cover-image-/static/uploads/company-covers/]" time="0.197" /><testcase classname="backend.tests.test_iteration3.TestPostmarkSignature" name="test_postmark_no_signature_403" time="0.049" /><testcase classname="backend.tests.test_iteration3.TestPostmarkSignature" name="test_postmark_invalid_signature_403" time="0.048" /><testcase classname="backend.tests.test_iteration3.TestPostmarkSignature" name="test_postmark_valid_signature_200" time="0.051" /><testcase classname="backend.tests.test_iteration3.TestCompanyProfileCRUD" name="test_company_profile_crud" time="0.365" /></testsuite></testsuites>