<?xml version="1.0" encoding="utf-8"?><testsuites name="pytest tests"><testsuite name="pytest" errors="0" failures="0" skipped="0" tests="5" time="1.578" timestamp="2026-04-28T12:54:54.422693+00:00" hostname="agent-env-514d4fe8-96b5-4176-a74d-566d3fdc3043"><testcase classname="backend.tests.test_iteration10" name="test_health_root" time="0.135" /><testcase classname="backend.tests.test_iteration10" name="test_upload_file_returns_url" time="0.552" /><testcase classname="backend.tests.test_iteration10" name="test_create_casting_call_with_poster_persists" time="0.309" /><testcase classname="backend.tests.test_iteration10" name="test_admin_user_role_toggle" time="0.284" /><testcase classname="backend.tests.test_iteration10" name="test_casting_calls_list_public_or_auth" time="0.167" /></testsuite></testsuites>