<?xml version="1.0" encoding="utf-8"?><testsuites name="pytest tests"><testsuite name="pytest" errors="0" failures="0" skipped="0" tests="28" time="5.833" timestamp="2026-05-14T04:19:56.363344+00:00" hostname="agent-env-fad5990d-fd50-461f-9902-adbd3f8cad08"><testcase classname="backend.tests.test_iteration_projects.TestProjectEntityPublicRead" name="test_list_projects_public_returns_200" time="0.264" /><testcase classname="backend.tests.test_iteration_projects.TestProjectEntityPublicRead" name="test_list_projects_returns_list" time="0.146" /><testcase classname="backend.tests.test_iteration_projects.TestProjectEntityPublicRead" name="test_list_project_items_no_mongo_id" time="0.112" /><testcase classname="backend.tests.test_iteration_projects.TestProjectEntityPublicRead" name="test_project_attachments_public_read" time="0.098" /><testcase classname="backend.tests.test_iteration_projects.TestProjectEntityPublicRead" name="test_saved_projects_public_read" time="0.142" /><testcase classname="backend.tests.test_iteration_projects.TestProjectEntityPublicRead" name="test_project_inquiries_public_read" time="0.105" /><testcase classname="backend.tests.test_iteration_projects.TestProjectCRUD" name="test_create_project_without_auth_fails" time="0.715" /><testcase classname="backend.tests.test_iteration_projects.TestProjectCRUD" name="test_create_project_authenticated" time="0.111" /><testcase classname="backend.tests.test_iteration_projects.TestProjectCRUD" name="test_get_created_project" time="0.106" /><testcase classname="backend.tests.test_iteration_projects.TestProjectCRUD" name="test_update_project_authenticated" time="0.108" /><testcase classname="backend.tests.test_iteration_projects.TestProjectCRUD" name="test_verify_update_persisted" time="0.168" /><testcase classname="backend.tests.test_iteration_projects.TestProjectCRUD" name="test_delete_project_and_verify" time="0.216" /><testcase classname="backend.tests.test_iteration_projects.TestProjectsRouter" name="test_view_nonexistent_project_returns_404" time="0.430" /><testcase classname="backend.tests.test_iteration_projects.TestProjectsRouter" name="test_inquiry_nonexistent_project_returns_404" time="0.158" /><testcase classname="backend.tests.test_iteration_projects.TestProjectsRouter" name="test_inquiry_requires_auth" time="0.106" /><testcase classname="backend.tests.test_iteration_projects.TestProjectsRouter" name="test_attach_nonexistent_project_returns_404" time="0.104" /><testcase classname="backend.tests.test_iteration_projects.TestProjectsRouter" name="test_attach_requires_auth" time="0.102" /><testcase classname="backend.tests.test_iteration_projects.TestProjectsRouter" name="test_view_project_full_flow" time="0.349" /><testcase classname="backend.tests.test_iteration_projects.TestProjectsRouter" name="test_inquiry_requires_message" time="0.373" /><testcase classname="backend.tests.test_iteration_projects.TestProjectsRouter" name="test_attach_missing_profile_id_returns_422" time="0.321" /><testcase classname="backend.tests.test_iteration_projects.TestEntityRegistry" name="test_project_entity_registered" time="0.102" /><testcase classname="backend.tests.test_iteration_projects.TestEntityRegistry" name="test_project_attachment_entity_registered" time="0.101" /><testcase classname="backend.tests.test_iteration_projects.TestEntityRegistry" name="test_project_inquiry_entity_registered" time="0.110" /><testcase classname="backend.tests.test_iteration_projects.TestEntityRegistry" name="test_saved_project_entity_registered" time="0.107" /><testcase classname="backend.tests.test_iteration_projects.TestEntityRegistry" name="test_unknown_entity_returns_404" time="0.106" /><testcase classname="backend.tests.test_iteration_projects.TestProjectModelValidation" name="test_create_project_missing_title_fails" time="0.484" /><testcase classname="backend.tests.test_iteration_projects.TestProjectModelValidation" name="test_create_project_empty_title_fails" time="0.108" /><testcase classname="backend.tests.test_iteration_projects.TestProjectModelValidation" name="test_create_project_minimal_valid" time="0.220" /></testsuite></testsuites>