<?xml version="1.0" encoding="utf-8"?><testsuites name="pytest tests"><testsuite name="pytest" errors="0" failures="0" skipped="1" tests="17" time="3.637" timestamp="2026-04-26T22:49:12.869342+00:00" hostname="agent-env-514d4fe8-96b5-4176-a74d-566d3fdc3043"><testcase classname="backend.tests.test_iteration7.TestAnonymousCreateLockdown" name="test_anon_create_returns_401[Profile-payload0]" time="0.161" /><testcase classname="backend.tests.test_iteration7.TestAnonymousCreateLockdown" name="test_anon_create_returns_401[CompanyProfile-payload1]" time="0.115" /><testcase classname="backend.tests.test_iteration7.TestAnonymousCreateLockdown" name="test_anon_create_returns_401[CastingCall-payload2]" time="0.108" /><testcase classname="backend.tests.test_iteration7.TestAnonymousCreateLockdown" name="test_anon_create_returns_401[CastingApplication-payload3]" time="0.107" /><testcase classname="backend.tests.test_iteration7.TestAnonymousCreateLockdown" name="test_anon_create_returns_401[SpotRequest-payload4]" time="0.115" /><testcase classname="backend.tests.test_iteration7.TestAnonymousCreateLockdown" name="test_anon_create_returns_401[SavedProfile-payload5]" time="0.139" /><testcase classname="backend.tests.test_iteration7.TestAnonymousCreateLockdown" name="test_anon_create_returns_401[ContactReveal-payload6]" time="0.101" /><testcase classname="backend.tests.test_iteration7.TestAnonymousCreateLockdown" name="test_anon_telemetry_allowed[ProfileView-payload0]" time="0.137" /><testcase classname="backend.tests.test_iteration7.TestAnonymousCreateLockdown" name="test_anon_telemetry_allowed[SearchAppearance-payload1]" time="0.119" /><testcase classname="backend.tests.test_iteration7.TestSpotScoreHistorySeed" name="test_profile_create_seeds_history" time="0.392" /><testcase classname="backend.tests.test_iteration7.TestSpotScoreHistorySeed" name="test_existing_profiles_have_history_via_admin_summary" time="0.055" /><testcase classname="backend.tests.test_iteration7.TestAdminRegression" name="test_admin_endpoints_still_pass" time="0.298" /><testcase classname="backend.tests.test_iteration7.TestSpotRequestFlow" name="test_spot_request_accept_creates_spot_and_notification" time="0.688" /><testcase classname="backend.tests.test_iteration7.TestRoleAlertFlow" name="test_role_alert_notification" time="0.324" /><testcase classname="backend.tests.test_iteration7.TestContactRevealFlow" name="test_reveal_counted" time="0.247" /><testcase classname="backend.tests.test_iteration7.TestSpottedWithFlow" name="test_spotted_with_match_on_credit_title" time="0.382" /><testcase classname="backend.tests.test_iteration7.TestAutoClaimFlow" name="test_eligible_then_dismiss" time="0.061"><skipped type="pytest.skip" message="no unclaimed imports available to test auto-claim">/app/backend/tests/test_iteration7.py:389: no unclaimed imports available to test auto-claim</skipped></testcase></testsuite></testsuites>