<?xml version="1.0" encoding="utf-8"?><testsuites name="pytest tests"><testsuite name="pytest" errors="0" failures="0" skipped="0" tests="11" time="1.926" timestamp="2026-04-26T21:35:58.584164+00:00" hostname="agent-env-514d4fe8-96b5-4176-a74d-566d3fdc3043"><testcase classname="backend.tests.test_iteration3.TestUploads" name="test_upload_profile_photo_png_success" time="0.436" /><testcase classname="backend.tests.test_iteration3.TestUploads" name="test_upload_rejects_non_image" time="0.052" /><testcase classname="backend.tests.test_iteration3.TestUploads" name="test_upload_rejects_oversize" time="0.299" /><testcase classname="backend.tests.test_iteration3.TestUploads" name="test_upload_unauth_returns_401" time="0.056" /><testcase classname="backend.tests.test_iteration3.TestUploads" name="test_other_upload_endpoints[/api/upload/headshot-/api/static/uploads/headshots/]" time="0.176" /><testcase classname="backend.tests.test_iteration3.TestUploads" name="test_other_upload_endpoints[/api/upload/company-logo-/api/static/uploads/company-logos/]" time="0.174" /><testcase classname="backend.tests.test_iteration3.TestUploads" name="test_other_upload_endpoints[/api/upload/cover-image-/api/static/uploads/company-covers/]" time="0.165" /><testcase classname="backend.tests.test_iteration3.TestPostmarkSignature" name="test_postmark_no_signature_403" time="0.051" /><testcase classname="backend.tests.test_iteration3.TestPostmarkSignature" name="test_postmark_invalid_signature_403" time="0.048" /><testcase classname="backend.tests.test_iteration3.TestPostmarkSignature" name="test_postmark_valid_signature_200" time="0.053" /><testcase classname="backend.tests.test_iteration3.TestCompanyProfileCRUD" name="test_company_profile_crud" time="0.354" /></testsuite></testsuites>