<?xml version="1.0" encoding="utf-8"?><testsuites name="pytest tests"><testsuite name="pytest" errors="0" failures="0" skipped="0" tests="18" time="2.640" timestamp="2026-04-26T22:27:12.163189+00:00" hostname="agent-env-514d4fe8-96b5-4176-a74d-566d3fdc3043"><testcase classname="backend.tests.test_iteration6.TestHealth" name="test_health_ok" time="0.206" /><testcase classname="backend.tests.test_iteration6.TestAnalyticsSummary" name="test_admin_founder_payload" time="0.160" /><testcase classname="backend.tests.test_iteration6.TestAnalyticsSummary" name="test_unauth_returns_401" time="0.143" /><testcase classname="backend.tests.test_iteration6.TestAnalyticsSummary" name="test_free_user_gates_payload" time="0.297" /><testcase classname="backend.tests.test_iteration6.TestAutoClaim" name="test_check_unauth_401" time="0.141" /><testcase classname="backend.tests.test_iteration6.TestAutoClaim" name="test_check_authed_returns_eligibility" time="0.057" /><testcase classname="backend.tests.test_iteration6.TestAutoClaim" name="test_dismiss_idempotent" time="0.049" /><testcase classname="backend.tests.test_iteration6.TestProfileHiddenFilter" name="test_hidden_profile_excluded_from_list" time="0.218" /><testcase classname="backend.tests.test_iteration6.TestAdminEndpoints" name="test_logs_admin_only" time="0.252" /><testcase classname="backend.tests.test_iteration6.TestAdminEndpoints" name="test_imports" time="0.051" /><testcase classname="backend.tests.test_iteration6.TestAdminEndpoints" name="test_emails" time="0.055" /><testcase classname="backend.tests.test_iteration6.TestAdminEndpoints" name="test_platform" time="0.051" /><testcase classname="backend.tests.test_iteration6.TestAdminEndpoints" name="test_casting_calls_admin" time="0.051" /><testcase classname="backend.tests.test_iteration6.TestAdminEndpoints" name="test_admin_endpoints_reject_non_admin" time="0.243" /><testcase classname="backend.tests.test_iteration6.TestAdminFlagProfile" name="test_flag_profile_writes_log" time="0.323" /><testcase classname="backend.tests.test_iteration6.TestCompletionNudges" name="test_admin_can_run_nudges" time="0.049" /><testcase classname="backend.tests.test_iteration6.TestCompletionNudges" name="test_non_admin_forbidden" time="0.047" /><testcase classname="backend.tests.test_iteration6.TestCastingCallCompanyAttribution" name="test_create_with_company_attribution_persists" time="0.144" /></testsuite></testsuites>