<?xml version="1.0" encoding="utf-8"?><testsuites name="pytest tests"><testsuite name="pytest" errors="0" failures="0" skipped="0" tests="21" time="3.103" timestamp="2026-04-26T12:03:10.355420+00:00" hostname="agent-env-514d4fe8-96b5-4176-a74d-566d3fdc3043"><testcase classname="backend.tests.backend_test.TestHealth" name="test_health" time="0.211" /><testcase classname="backend.tests.backend_test.TestAuth" name="test_request_code_returns_dev_code" time="0.082" /><testcase classname="backend.tests.backend_test.TestAuth" name="test_verify_code_returns_jwt" time="0.100" /><testcase classname="backend.tests.backend_test.TestAuth" name="test_me_with_bearer" time="0.150" /><testcase classname="backend.tests.backend_test.TestAuth" name="test_me_without_token" time="0.101" /><testcase classname="backend.tests.backend_test.TestAuth" name="test_rate_limit_4th_request" time="0.200" /><testcase classname="backend.tests.backend_test.TestAuth" name="test_invalid_code_attempts_lockout" time="0.362" /><testcase classname="backend.tests.backend_test.TestSeed" name="test_brendan_user_exists" time="0.000" /><testcase classname="backend.tests.backend_test.TestSeed" name="test_brendan_profile_seeded" time="0.048" /><testcase classname="backend.tests.backend_test.TestSeed" name="test_founder_subscription_seeded" time="0.050" /><testcase classname="backend.tests.backend_test.TestSeed" name="test_thunk_casting_call_seeded" time="0.049" /><testcase classname="backend.tests.backend_test.TestEntityCRUD" name="test_filter_syntax" time="0.049" /><testcase classname="backend.tests.backend_test.TestEntityCRUD" name="test_create_update_delete_casting_call" time="0.247" /><testcase classname="backend.tests.backend_test.TestFunctions" name="test_recalculate_spotscore" time="0.053" /><testcase classname="backend.tests.backend_test.TestFunctions" name="test_send_verification_code_email" time="0.101" /><testcase classname="backend.tests.backend_test.TestFunctions" name="test_send_welcome_email" time="0.110" /><testcase classname="backend.tests.backend_test.TestStripe" name="test_checkout_creates_session" time="0.741" /><testcase classname="backend.tests.backend_test.TestStripe" name="test_checkout_invalid_plan" time="0.046" /><testcase classname="backend.tests.backend_test.TestStripe" name="test_checkout_unauthenticated" time="0.135" /><testcase classname="backend.tests.backend_test.TestStripe" name="test_founder_count" time="0.047" /><testcase classname="backend.tests.backend_test.TestStripe" name="test_founder_claim_idempotent" time="0.049" /></testsuite></testsuites>